<?xml version="1.0" encoding="UTF-8"?>
<!-- Generated by org.testng.reporters.JUnitReportReporter -->
<testsuite skipped="0" hostname="DESKTOP-TMMSC60" name="testcases.TC001_LoginAndLogout" tests="3" failures="0" timestamp="17 Jun 2018 05:27:01 GMT" time="35.348" errors="0">
  <testcase name="setData" time="10.955" classname="testcases.TC001_LoginAndLogout"/>
  <testcase name="loginAndLogout" time="11.226" classname="testcases.TC001_LoginAndLogout"/>
  <testcase name="loginAndLogout" time="13.167" classname="testcases.TC001_LoginAndLogout"/>
</testsuite> <!-- testcases.TC001_LoginAndLogout -->
